#
# An unexpected error has been detected by HotSpot Virtual Machine:
#
#  EXCEPTION_ACCESS_VIOLATION (0xc0000005) at pc=0x6d7becf3, pid=3652, tid=4028
#
# Java VM: Java HotSpot(TM) Client VM (1.5.0_07-b03 mixed mode, sharing)
# Problematic frame:
# V  [jvm.dll+0x8ecf3]
#

---------------  T H R E A D  ---------------

Current thread (0x00036218):  JavaThread "main" [_thread_in_vm, id=4028]

siginfo: ExceptionCode=0xc0000005, reading address 0x00000000

Registers:
EAX=0x00000000, EBX=0x00a967f0, ECX=0x0000deab, EDX=0x00af0001
ESP=0x0007f034, EBP=0x0007f040, ESI=0x000362d8, EDI=0x00000000
EIP=0x6d7becf3, EFLAGS=0x00010212

Top of Stack: (sp=0x0007f034)
0x0007f034:   000362d8 00a967f0 00036218 0007f164
0x0007f044:   6d3e4c4a 000362d8 00000000 00000000
0x0007f054:   00036218 26bc2388 26bc2388 00000001
0x0007f064:   000000a9 0007f100 0003677c 00000004
0x0007f074:   ffffffff ffffffff 00000014 6d858460
0x0007f084:   00000008 6d858460 fffffff0 0007f0c4
0x0007f094:   6d73d0d3 00000000 0000000e 6d825a8b
0x0007f0a4:   ffffffff 0007f0bc 0007f0bc 6d825d06 

Instructions: (pc=0x6d7becf3)
0x6d7bece3:   06 50 89 45 fc e8 6e 2b fb ff 8b 45 0c 83 c4 0c
0x6d7becf3:   8b 30 8b 5e 08 85 db 75 0a e8 92 ff ff ff 89 45 


Stack: [0x00040000,0x00080000),  sp=0x0007f034,  free space=252k
Native frames: (J=compiled Java code, j=interpreted, Vv=VM code, C=native code)
V  [jvm.dll+0x8ecf3]
C  [JdbcOdbc.dll+0x4c4a]
j  sun.jdbc.odbc.JdbcOdbc.driverConnect(J[B[B)V+0
j  sun.jdbc.odbc.JdbcOdbc.SQLDriverConnect(JLjava/lang/String;)V+93
j  sun.jdbc.odbc.JdbcOdbcConnection.initialize(Ljava/lang/String;Ljava/util/Properties;I)V+984
j  sun.jdbc.odbc.JdbcOdbcDriver.connect(Ljava/lang/String;Ljava/util/Properties;)Ljava/sql/Connection;+129
j  java.sql.DriverManager.getConnection(Ljava/lang/String;Ljava/util/Properties;Ljava/lang/ClassLoader;)Ljava/sql/Connection;+165
j  java.sql.DriverManager.getConnection(Ljava/lang/String;Ljava/util/Properties;)Ljava/sql/Connection;+7
j  Database.DBOperation.<clinit>()V+40
v  ~StubRoutines::call_stub
V  [jvm.dll+0x86401]
V  [jvm.dll+0xdb172]
V  [jvm.dll+0x862d2]
V  [jvm.dll+0x78dbf]
V  [jvm.dll+0x77ca8]
V  [jvm.dll+0xc6987]
V  [jvm.dll+0xc7624]
V  [jvm.dll+0xc750a]
V  [jvm.dll+0xf3962]
V  [jvm.dll+0xf37b7]
V  [jvm.dll+0xf3c00]
V  [jvm.dll+0xf3abf]
V  [jvm.dll+0x38ea7]
v  ~RuntimeStub::resolve_invokestatic Runtime1 stub
J  Crawler.Crawler.start(Ljava/lang/String;)V
v  ~OSRAdapter
j  Crawler.Crawler.main([Ljava/lang/String;)V+19
v  ~StubRoutines::call_stub
V  [jvm.dll+0x86401]
V  [jvm.dll+0xdb172]
V  [jvm.dll+0x862d2]
V  [jvm.dll+0x8d2a2]
C  [java.exe+0x14c5]
C  [java.exe+0x69cd]
C  [kernel32.dll+0x16d4f]

Java frames: (J=compiled Java code, j=interpreted, Vv=VM code)
j  sun.jdbc.odbc.JdbcOdbc.driverConnect(J[B[B)V+0
j  sun.jdbc.odbc.JdbcOdbc.SQLDriverConnect(JLjava/lang/String;)V+93
j  sun.jdbc.odbc.JdbcOdbcConnection.initialize(Ljava/lang/String;Ljava/util/Properties;I)V+984
j  sun.jdbc.odbc.JdbcOdbcDriver.connect(Ljava/lang/String;Ljava/util/Properties;)Ljava/sql/Connection;+129
j  java.sql.DriverManager.getConnection(Ljava/lang/String;Ljava/util/Properties;Ljava/lang/ClassLoader;)Ljava/sql/Connection;+165
j  java.sql.DriverManager.getConnection(Ljava/lang/String;Ljava/util/Properties;)Ljava/sql/Connection;+7
j  Database.DBOperation.<clinit>()V+40
v  ~StubRoutines::call_stub
v  ~RuntimeStub::resolve_invokestatic Runtime1 stub
J  Crawler.Crawler.start(Ljava/lang/String;)V
v  ~OSRAdapter
j  Crawler.Crawler.main([Ljava/lang/String;)V+19
v  ~StubRoutines::call_stub

---------------  P R O C E S S  ---------------

Java Threads: ( => current thread )
  0x00a6f178 JavaThread "Low Memory Detector" daemon [_thread_blocked, id=3988]
  0x00a6de70 JavaThread "CompilerThread0" daemon [_thread_blocked, id=1012]
  0x00a6d0f8 JavaThread "Signal Dispatcher" daemon [_thread_blocked, id=244]
  0x00a41aa8 JavaThread "Finalizer" daemon [_thread_blocked, id=112]
  0x00a405c0 JavaThread "Reference Handler" daemon [_thread_blocked, id=2644]
=>0x00036218 JavaThread "main" [_thread_in_vm, id=4028]

Other Threads:
  0x00a3dcc8 VMThread [id=1092]
  0x00a6cff0 WatcherThread [id=228]

VM state:not at safepoint (normal execution)

VM Mutex/Monitor currently owned by a thread: None

Heap
 def new generation   total 576K, used 320K [0x22b80000, 0x22c20000, 0x23060000)
  eden space 512K,  50% used [0x22b80000, 0x22bc01f0, 0x22c00000)
  from space 64K, 100% used [0x22c10000, 0x22c20000, 0x22c20000)
  to   space 64K,   0% used [0x22c00000, 0x22c00000, 0x22c10000)
 tenured generation   total 1408K, used 209K [0x23060000, 0x231c0000, 0x26b80000)
   the space 1408K,  14% used [0x23060000, 0x230947c0, 0x23094800, 0x231c0000)
 compacting perm gen  total 8192K, used 308K [0x26b80000, 0x27380000, 0x2ab80000)
   the space 8192K,   3% used [0x26b80000, 0x26bcd2e0, 0x26bcd400, 0x27380000)
    ro space 8192K,  67% used [0x2ab80000, 0x2b0dd9f8, 0x2b0dda00, 0x2b380000)
    rw space 12288K,  46% used [0x2b380000, 0x2b923808, 0x2b923a00, 0x2bf80000)

Dynamic libraries:
0x00400000 - 0x0040d000 	C:\Program Files\Java\jdk1.5.0_07\jre\bin\java.exe
0x7c900000 - 0x7c9b0000 	C:\WINDOWS\system32\ntdll.dll
0x7c800000 - 0x7c8f4000 	C:\WINDOWS\system32\kernel32.dll
0x77dd0000 - 0x77e6b000 	C:\WINDOWS\system32\ADVAPI32.dll
0x77e70000 - 0x77f01000 	C:\WINDOWS\system32\RPCRT4.dll
0x77c10000 - 0x77c68000 	C:\WINDOWS\system32\MSVCRT.dll
0x6d730000 - 0x6d8c7000 	C:\Program Files\Java\jdk1.5.0_07\jre\bin\client\jvm.dll
0x77d40000 - 0x77dd0000 	C:\WINDOWS\system32\USER32.dll
0x77f10000 - 0x77f57000 	C:\WINDOWS\system32\GDI32.dll
0x76b40000 - 0x76b6d000 	C:\WINDOWS\system32\WINMM.dll
0x629c0000 - 0x629c9000 	C:\WINDOWS\system32\LPK.DLL
0x74d90000 - 0x74dfb000 	C:\WINDOWS\system32\USP10.dll
0x6d2f0000 - 0x6d2f8000 	C:\Program Files\Java\jdk1.5.0_07\jre\bin\hpi.dll
0x76bf0000 - 0x76bfb000 	C:\WINDOWS\system32\PSAPI.DLL
0x6d700000 - 0x6d70c000 	C:\Program Files\Java\jdk1.5.0_07\jre\bin\verify.dll
0x6d370000 - 0x6d38d000 	C:\Program Files\Java\jdk1.5.0_07\jre\bin\java.dll
0x6d720000 - 0x6d72f000 	C:\Program Files\Java\jdk1.5.0_07\jre\bin\zip.dll
0x6d530000 - 0x6d543000 	C:\Program Files\Java\jdk1.5.0_07\jre\bin\net.dll
0x71ab0000 - 0x71ac7000 	C:\WINDOWS\system32\WS2_32.dll
0x71aa0000 - 0x71aa8000 	C:\WINDOWS\system32\WS2HELP.dll
0x71a50000 - 0x71a8f000 	C:\WINDOWS\System32\mswsock.dll
0x76f20000 - 0x76f47000 	C:\WINDOWS\system32\DNSAPI.dll
0x76fb0000 - 0x76fb8000 	C:\WINDOWS\System32\winrnr.dll
0x76f60000 - 0x76f8c000 	C:\WINDOWS\system32\WLDAP32.dll
0x76fc0000 - 0x76fc6000 	C:\WINDOWS\system32\rasadhlp.dll
0x662b0000 - 0x66308000 	C:\WINDOWS\system32\hnetcfg.dll
0x71a90000 - 0x71a98000 	C:\WINDOWS\System32\wshtcpip.dll
0x6d3e0000 - 0x6d3ed000 	C:\Program Files\Java\jdk1.5.0_07\jre\bin\JdbcOdbc.dll
0x74320000 - 0x7435d000 	C:\WINDOWS\system32\ODBC32.dll
0x5d090000 - 0x5d127000 	C:\WINDOWS\system32\COMCTL32.dll
0x7c9c0000 - 0x7d1d6000 	C:\WINDOWS\system32\SHELL32.dll
0x77f60000 - 0x77fd6000 	C:\WINDOWS\system32\SHLWAPI.dll
0x763b0000 - 0x763f9000 	C:\WINDOWS\system32\comdlg32.dll
0x773d0000 - 0x774d2000 	C:\WINDOWS\WinSxS\x86_Microsoft.Windows.Common-Controls_6595b64144ccf1df_6.0.2600.2180_x-ww_a84f1ff9\comctl32.dll
0x20000000 - 0x20017000 	C:\WINDOWS\system32\odbcint.dll

VM Arguments:
java_command: Crawler.Crawler
Launcher Type: SUN_STANDARD

Environment Variables:
PATH=C:\WINDOWS\system32;C:\WINDOWS;C:\WINDOWS\system32\wbem;C:\Program Files\MATLAB\R2006a\bin\win32;C:\Program Files\Java\jdk1.5.0_07\bin;
USERNAME=Lemi Guta
OS=Windows_NT
PROCESSOR_IDENTIFIER=x86 Family 15 Model 4 Stepping 3, GenuineIntel



---------------  S Y S T E M  ---------------

OS: Windows XP Build 2600 Service Pack 2

CPU:total 2 family 15, cmov, cx8, fxsr, mmx, sse, sse2, ht

Memory: 4k page, physical 515564k(52952k free), swap 1258248k(562216k free)

vm_info: Java HotSpot(TM) Client VM (1.5.0_07-b03) for windows-x86, built on May  3 2006 01:04:38 by "java_re" with MS VC++ 6.0

